<?xml version="1.0" encoding="UTF-8"?>
<!-- Generated by org.testng.reporters.JUnitXMLReporter -->
<testsuite hostname="DESKTOP-PCEHKV8" ignored="0" name="Chrome Test" tests="2" failures="0" timestamp="11 Feb 2019 08:31:32 GMT" time="0.031" errors="0">
  <testcase name="@BeforeClass setUp" time="0.015" classname="com.web.app.Yahoo">
    <failure type="java.lang.NullPointerException">
      <![CDATA[java.lang.NullPointerException
at com.web.app.Yahoo.setUp(Yahoo.java:25)
at java.util.concurrent.FutureTask.run(FutureTask.java:266)
at java.util.concurrent.ThreadPoolExecutor.runWorker(ThreadPoolExecutor.java:1149)
at java.util.concurrent.ThreadPoolExecutor$Worker.run(ThreadPoolExecutor.java:624)
at java.lang.Thread.run(Thread.java:748)
... Removed 17 stack frames]]>
    </failure>
  </testcase> <!-- @BeforeClass setUp -->
  <testcase name="@BeforeClass setUp" time="0.015" classname="com.web.app.Yahoo">
    <failure type="java.lang.NullPointerException">
      <![CDATA[java.lang.NullPointerException
at com.web.app.Yahoo.setUp(Yahoo.java:25)
at java.util.concurrent.FutureTask.run(FutureTask.java:266)
at java.util.concurrent.ThreadPoolExecutor.runWorker(ThreadPoolExecutor.java:1149)
at java.util.concurrent.ThreadPoolExecutor$Worker.run(ThreadPoolExecutor.java:624)
at java.lang.Thread.run(Thread.java:748)
... Removed 17 stack frames]]>
    </failure>
  </testcase> <!-- @BeforeClass setUp -->
  <testcase name="@AfterClass tearDown" time="0.0" classname="com.web.app.Yahoo">
    <skipped/>
  </testcase> <!-- @AfterClass tearDown -->
  <testcase name="@AfterClass tearDown" time="0.0" classname="com.web.app.Yahoo">
    <skipped/>
  </testcase> <!-- @AfterClass tearDown -->
  <testcase name="homePage" time="0.0" classname="com.web.app.Yahoo">
    <skipped/>
  </testcase> <!-- homePage -->
  <testcase name="createAcc" time="0.0" classname="com.web.app.Yahoo">
    <skipped/>
  </testcase> <!-- createAcc -->
</testsuite> <!-- Chrome Test -->
